<?xml version="1.0" encoding="UTF-8"?>
<!-- Generated by org.testng.reporters.JUnitReportReporter -->
<testsuite hostname="DESKTOP-HVJ98LB" failures="0" tests="1" name="com.facebook.tests.LoginPageTest" time="4.920" errors="0" timestamp="2024-05-01T16:23:08 IST" skipped="0">
  <testcase classname="com.facebook.tests.LoginPageTest" name="loginTest" time="4.920"/>
</testsuite> <!-- com.facebook.tests.LoginPageTest -->
