<?xml version="1.0" encoding="UTF-8"?>
<!-- Generated by org.testng.reporters.JUnitReportReporter -->
<testsuite hostname="DESKTOP-HVJ98LB" failures="0" tests="1" name="com.facebook.genericPage.fire" time="43.358" errors="0" timestamp="2024-04-30T18:45:31 IST" skipped="0">
  <testcase classname="com.facebook.genericPage.fire" name="openBrowser" time="43.358"/>
</testsuite> <!-- com.facebook.genericPage.fire -->
