<?xml version="1.0" encoding="UTF-8"?>
<!-- Generated by org.testng.reporters.JUnitReportReporter -->
<testsuite hostname="DESKTOP-HVJ98LB" failures="0" tests="1" name="com.facebook.tests.LandingTest" time="6.458" errors="0" timestamp="2024-05-01T15:29:14 IST" skipped="0">
  <testcase classname="com.facebook.tests.LandingTest" name="loginTest" time="6.458"/>
</testsuite> <!-- com.facebook.tests.LandingTest -->
